生成启动时间为 2018/2/5 11:43:54。
     1>项目“C:\Users\Zack.J\Desktop\ImageZ\boxblurCpp\boxblurCpp.vcxproj”在节点 2 上(rebuild 个目标)。
     1>_PrepareForClean:
         正在删除文件“Debug\boxblurCpp.lastbuildstate”。
       InitializeBuildStatus:
         正在创建“Debug\boxblurCpp.unsuccessfulbuild”，因为已指定“AlwaysCreate”。
       ClCompile:
         C:\Program Files (x86)\Microsoft Visual Studio 10.0\VC\bin\CL.exe /c /ZI /nologo /W3 /WX- /Od /Oy- /D WIN32 /D _DEBUG /D _WINDOWS /D _USRDLL /D BOXBLURCPP_EXPORTS /D _WINDLL /D _UNICODE /D UNICODE /Gm /EHsc /RTC1 /MDd /GS /fp:precise /Zc:wchar_t /Zc:forScope /Yc"StdAfx.h" /Fp"Debug\boxblurCpp.pch" /Fo"Debug\\" /Fd"Debug\vc100.pdb" /Gd /TP /analyze- /errorReport:prompt stdafx.cpp
         stdafx.cpp
         C:\Program Files (x86)\Microsoft Visual Studio 10.0\VC\bin\CL.exe /c /ZI /nologo /W3 /WX- /Od /Oy- /D WIN32 /D _DEBUG /D _WINDOWS /D _USRDLL /D BOXBLURCPP_EXPORTS /D _WINDLL /D _UNICODE /D UNICODE /Gm /EHsc /RTC1 /MDd /GS /fp:precise /Zc:wchar_t /Zc:forScope /Yu"StdAfx.h" /Fp"Debug\boxblurCpp.pch" /Fo"Debug\\" /Fd"Debug\vc100.pdb" /Gd /TP /analyze- /errorReport:prompt boxblurCpp.cpp
         boxblurCpp.cpp
     1>c:\users\zack.j\desktop\imagez\boxblurcpp\boxblurcpp.cpp(180): warning C4244: “初始化”: 从“double”转换到“float”，可能丢失数据
     1>c:\users\zack.j\desktop\imagez\boxblurcpp\boxblurcpp.cpp(368): warning C4244: “=”: 从“float”转换到“uchar”，可能丢失数据
     1>c:\users\zack.j\desktop\imagez\boxblurcpp\boxblurcpp.cpp(369): warning C4244: “=”: 从“float”转换到“uchar”，可能丢失数据
     1>c:\users\zack.j\desktop\imagez\boxblurcpp\boxblurcpp.cpp(370): warning C4244: “=”: 从“float”转换到“uchar”，可能丢失数据
         C:\Program Files (x86)\Microsoft Visual Studio 10.0\VC\bin\CL.exe /c /ZI /nologo /W3 /WX- /Od /Oy- /D WIN32 /D _DEBUG /D _WINDOWS /D _USRDLL /D BOXBLURCPP_EXPORTS /D _WINDLL /D _UNICODE /D UNICODE /Gm /EHsc /RTC1 /MDd /GS /fp:precise /Zc:wchar_t /Zc:forScope /Fo"Debug\\" /Fd"Debug\vc100.pdb" /Gd /TP /analyze- /errorReport:prompt dllmain.cpp
         dllmain.cpp
       ManifestResourceCompile:
         C:\Program Files (x86)\Microsoft SDKs\Windows\v7.0A\bin\rc.exe /nologo /fo"Debug\boxblurCpp.dll.embed.manifest.res" Debug\boxblurCpp_manifest.rc 
       Link:
         C:\Program Files (x86)\Microsoft Visual Studio 10.0\VC\bin\link.exe /ERRORREPORT:PROMPT /OUT:"..\boxblur\bin\Debug\boxblurCpp.dll" /INCREMENTAL /NOLOGO kernel32.lib user32.lib gdi32.lib winspool.lib comdlg32.lib advapi32.lib shell32.lib ole32.lib oleaut32.lib uuid.lib odbc32.lib odbccp32.lib /MANIFEST /ManifestFile:"Debug\boxblurCpp.dll.intermediate.manifest" /MANIFESTUAC:"level='asInvoker' uiAccess='false'" /DEBUG /PDB:"C:\Users\Zack.J\Desktop\ImageZ\boxblur\bin\Debug\boxblurCpp.pdb" /SUBSYSTEM:WINDOWS /TLBID:1 /DYNAMICBASE /NXCOMPAT /IMPLIB:"..\boxblur\bin\Debug\boxblurCpp.lib" /MACHINE:X86 /DLL Debug\boxblurCpp.dll.embed.manifest.res
         Debug\boxblurCpp.obj
         Debug\dllmain.obj
         Debug\stdafx.obj
            正在创建库 ..\boxblur\bin\Debug\boxblurCpp.lib 和对象 ..\boxblur\bin\Debug\boxblurCpp.exp
       Manifest:
         正在删除文件“Debug\boxblurCpp.dll.embed.manifest”。
         C:\Program Files (x86)\Microsoft SDKs\Windows\v7.0A\bin\mt.exe /nologo /verbose /out:"Debug\boxblurCpp.dll.embed.manifest" /manifest Debug\boxblurCpp.dll.intermediate.manifest
         C:\Program Files (x86)\Microsoft SDKs\Windows\v7.0A\bin\rc.exe /nologo /fo"Debug\boxblurCpp.dll.embed.manifest.res" Debug\boxblurCpp_manifest.rc 
       LinkEmbedManifest:
         C:\Program Files (x86)\Microsoft Visual Studio 10.0\VC\bin\link.exe /ERRORREPORT:PROMPT /OUT:"..\boxblur\bin\Debug\boxblurCpp.dll" /INCREMENTAL /NOLOGO kernel32.lib user32.lib gdi32.lib winspool.lib comdlg32.lib advapi32.lib shell32.lib ole32.lib oleaut32.lib uuid.lib odbc32.lib odbccp32.lib /MANIFEST /ManifestFile:"Debug\boxblurCpp.dll.intermediate.manifest" /MANIFESTUAC:"level='asInvoker' uiAccess='false'" /DEBUG /PDB:"C:\Users\Zack.J\Desktop\ImageZ\boxblur\bin\Debug\boxblurCpp.pdb" /SUBSYSTEM:WINDOWS /TLBID:1 /DYNAMICBASE /NXCOMPAT /IMPLIB:"..\boxblur\bin\Debug\boxblurCpp.lib" /MACHINE:X86 /DLL Debug\boxblurCpp.dll.embed.manifest.res
         Debug\boxblurCpp.obj
         Debug\dllmain.obj
         Debug\stdafx.obj
            正在创建库 ..\boxblur\bin\Debug\boxblurCpp.lib 和对象 ..\boxblur\bin\Debug\boxblurCpp.exp
         boxblurCpp.vcxproj -> C:\Users\Zack.J\Desktop\ImageZ\boxblurCpp\..\boxblur\bin\Debug\boxblurCpp.dll
       FinalizeBuildStatus:
         正在删除文件“Debug\boxblurCpp.unsuccessfulbuild”。
         正在对“Debug\boxblurCpp.lastbuildstate”执行 Touch 任务。
     1>已完成生成项目“C:\Users\Zack.J\Desktop\ImageZ\boxblurCpp\boxblurCpp.vcxproj”(rebuild 个目标)的操作。

生成成功。

已用时间 00:00:05.51
