..\boxblur\bin\Debug\boxblurCpp.ilk
..\boxblur\bin\Debug\boxblurCpp.pdb
C:\USERS\ZACK.J\DESKTOP\IMAGEZ\BOXBLUR\BIN\DEBUG\BOXBLURCPP.DLL
C:\Users\Zack.J\Desktop\ImageZ\boxblur\bin\Debug\boxblurCpp.exp
C:\USERS\ZACK.J\DESKTOP\IMAGEZ\BOXBLUR\BIN\DEBUG\BOXBLURCPP.ILK
C:\Users\Zack.J\Desktop\ImageZ\boxblur\bin\Debug\boxblurCpp.lib
C:\USERS\ZACK.J\DESKTOP\IMAGEZ\BOXBLUR\BIN\DEBUG\BOXBLURCPP.PDB
C:\Users\Zack.J\Desktop\ImageZ\boxblurCpp\..\boxblur\bin\Debug\boxblurCpp.dll
C:\USERS\ZACK.J\DESKTOP\IMAGEZ\BOXBLURCPP\DEBUG\BOXBLURCPP.DLL.EMBED.MANIFEST
C:\USERS\ZACK.J\DESKTOP\IMAGEZ\BOXBLURCPP\DEBUG\BOXBLURCPP.DLL.EMBED.MANIFEST.RES
C:\USERS\ZACK.J\DESKTOP\IMAGEZ\BOXBLURCPP\DEBUG\BOXBLURCPP.DLL.INTERMEDIATE.MANIFEST
C:\USERS\ZACK.J\DESKTOP\IMAGEZ\BOXBLURCPP\DEBUG\BOXBLURCPP.OBJ
C:\USERS\ZACK.J\DESKTOP\IMAGEZ\BOXBLURCPP\DEBUG\BOXBLURCPP.PCH
C:\Users\Zack.J\Desktop\ImageZ\boxblurCpp\Debug\boxblurCpp.write.1.tlog
C:\Users\Zack.J\Desktop\ImageZ\boxblurCpp\Debug\boxblurCpp_manifest.rc
C:\Users\Zack.J\Desktop\ImageZ\boxblurCpp\Debug\cl.command.1.tlog
C:\Users\Zack.J\Desktop\ImageZ\boxblurCpp\Debug\CL.read.1.tlog
C:\Users\Zack.J\Desktop\ImageZ\boxblurCpp\Debug\CL.write.1.tlog
C:\USERS\ZACK.J\DESKTOP\IMAGEZ\BOXBLURCPP\DEBUG\DLLMAIN.OBJ
C:\Users\Zack.J\Desktop\ImageZ\boxblurCpp\Debug\link.8872.read.1.tlog
C:\Users\Zack.J\Desktop\ImageZ\boxblurCpp\Debug\link.8872.write.1.tlog
C:\Users\Zack.J\Desktop\ImageZ\boxblurCpp\Debug\link.8872-cvtres.read.1.tlog
C:\Users\Zack.J\Desktop\ImageZ\boxblurCpp\Debug\link.8872-cvtres.write.1.tlog
C:\Users\Zack.J\Desktop\ImageZ\boxblurCpp\Debug\link.command.1.tlog
C:\Users\Zack.J\Desktop\ImageZ\boxblurCpp\Debug\link.read.1.tlog
C:\Users\Zack.J\Desktop\ImageZ\boxblurCpp\Debug\link.write.1.tlog
C:\Users\Zack.J\Desktop\ImageZ\boxblurCpp\Debug\link-cvtres.read.1.tlog
C:\Users\Zack.J\Desktop\ImageZ\boxblurCpp\Debug\link-cvtres.write.1.tlog
C:\Users\Zack.J\Desktop\ImageZ\boxblurCpp\Debug\mt.command.1.tlog
C:\Users\Zack.J\Desktop\ImageZ\boxblurCpp\Debug\mt.read.1.tlog
C:\Users\Zack.J\Desktop\ImageZ\boxblurCpp\Debug\mt.write.1.tlog
C:\Users\Zack.J\Desktop\ImageZ\boxblurCpp\Debug\rc.command.1.tlog
C:\Users\Zack.J\Desktop\ImageZ\boxblurCpp\Debug\rc.read.1.tlog
C:\Users\Zack.J\Desktop\ImageZ\boxblurCpp\Debug\rc.write.1.tlog
C:\USERS\ZACK.J\DESKTOP\IMAGEZ\BOXBLURCPP\DEBUG\STDAFX.OBJ
C:\Users\Zack.J\Desktop\ImageZ\boxblurCpp\Debug\vc100.idb
C:\USERS\ZACK.J\DESKTOP\IMAGEZ\BOXBLURCPP\DEBUG\VC100.PDB
