生成启动时间为 2018/2/5 18:55:55。
     1>项目“C:\Users\Zack.J\Desktop\ImageZ\illumianceDetailDll\illumianceDetailDll.vcxproj”在节点 2 上(rebuild 个目标)。
     1>_PrepareForClean:
         正在删除文件“Debug\illumianceDetailDll.lastbuildstate”。
       InitializeBuildStatus:
         正在创建“Debug\illumianceDetailDll.unsuccessfulbuild”，因为已指定“AlwaysCreate”。
       ClCompile:
         C:\Program Files (x86)\Microsoft Visual Studio 10.0\VC\bin\CL.exe /c /ZI /nologo /W3 /WX- /Od /Oy- /D WIN32 /D _DEBUG /D _WINDOWS /D _USRDLL /D ILLUMIANCEDETAILDLL_EXPORTS /D _WINDLL /D _UNICODE /D UNICODE /Gm /EHsc /RTC1 /MDd /GS /fp:precise /Zc:wchar_t /Zc:forScope /Yc"StdAfx.h" /Fp"Debug\illumianceDetailDll.pch" /Fo"Debug\\" /Fd"Debug\vc100.pdb" /Gd /TP /analyze- /errorReport:prompt stdafx.cpp
         stdafx.cpp
         C:\Program Files (x86)\Microsoft Visual Studio 10.0\VC\bin\CL.exe /c /ZI /nologo /W3 /WX- /Od /Oy- /D WIN32 /D _DEBUG /D _WINDOWS /D _USRDLL /D ILLUMIANCEDETAILDLL_EXPORTS /D _WINDLL /D _UNICODE /D UNICODE /Gm /EHsc /RTC1 /MDd /GS /fp:precise /Zc:wchar_t /Zc:forScope /Fo"Debug\\" /Fd"Debug\vc100.pdb" /Gd /TP /analyze- /errorReport:prompt dllmain.cpp
         dllmain.cpp
         C:\Program Files (x86)\Microsoft Visual Studio 10.0\VC\bin\CL.exe /c /ZI /nologo /W3 /WX- /Od /Oy- /D WIN32 /D _DEBUG /D _WINDOWS /D _USRDLL /D ILLUMIANCEDETAILDLL_EXPORTS /D _WINDLL /D _UNICODE /D UNICODE /Gm /EHsc /RTC1 /MDd /GS /fp:precise /Zc:wchar_t /Zc:forScope /Yu"StdAfx.h" /Fp"Debug\illumianceDetailDll.pch" /Fo"Debug\\" /Fd"Debug\vc100.pdb" /Gd /TP /analyze- /errorReport:prompt illumianceDetailDll.cpp
         illumianceDetailDll.cpp
     1>c:\users\zack.j\desktop\imagez\illumiancedetaildll\illumiancedetaildll.cpp(204): warning C4244: “初始化”: 从“double”转换到“int”，可能丢失数据
     1>c:\users\zack.j\desktop\imagez\illumiancedetaildll\illumiancedetaildll.cpp(232): warning C4244: “初始化”: 从“double”转换到“float”，可能丢失数据
     1>c:\users\zack.j\desktop\imagez\illumiancedetaildll\illumiancedetaildll.cpp(427): warning C4244: “=”: 从“float”转换到“int”，可能丢失数据
     1>c:\users\zack.j\desktop\imagez\illumiancedetaildll\illumiancedetaildll.cpp(451): warning C4244: “=”: 从“float”转换到“int”，可能丢失数据
     1>c:\users\zack.j\desktop\imagez\illumiancedetaildll\illumiancedetaildll.cpp(611): warning C4244: “=”: 从“double”转换到“float”，可能丢失数据
     1>c:\users\zack.j\desktop\imagez\illumiancedetaildll\illumiancedetaildll.cpp(612): warning C4244: “初始化”: 从“double”转换到“float”，可能丢失数据
     1>c:\users\zack.j\desktop\imagez\illumiancedetaildll\illumiancedetaildll.cpp(613): warning C4244: “初始化”: 从“double”转换到“float”，可能丢失数据
     1>c:\users\zack.j\desktop\imagez\illumiancedetaildll\illumiancedetaildll.cpp(614): warning C4244: “初始化”: 从“double”转换到“float”，可能丢失数据
     1>c:\users\zack.j\desktop\imagez\illumiancedetaildll\illumiancedetaildll.cpp(606): warning C4101: “detail_image”: 未引用的局部变量
     1>c:\users\zack.j\desktop\imagez\illumiancedetaildll\illumiancedetaildll.cpp(665): warning C4244: “初始化”: 从“float”转换到“int”，可能丢失数据
     1>c:\users\zack.j\desktop\imagez\illumiancedetaildll\illumiancedetaildll.cpp(670): warning C4244: “初始化”: 从“float”转换到“int”，可能丢失数据
     1>c:\users\zack.j\desktop\imagez\illumiancedetaildll\illumiancedetaildll.cpp(639): warning C4101: “sub_I”: 未引用的局部变量
       ManifestResourceCompile:
         C:\Program Files (x86)\Microsoft SDKs\Windows\v7.0A\bin\rc.exe /nologo /fo"Debug\illumianceDetailDll.dll.embed.manifest.res" Debug\illumianceDetailDll_manifest.rc 
       Link:
         C:\Program Files (x86)\Microsoft Visual Studio 10.0\VC\bin\link.exe /ERRORREPORT:PROMPT /OUT:"..\ImageZ\bin\Debug\illumianceDetailDll.dll" /INCREMENTAL /NOLOGO kernel32.lib user32.lib gdi32.lib winspool.lib comdlg32.lib advapi32.lib shell32.lib ole32.lib oleaut32.lib uuid.lib odbc32.lib odbccp32.lib /MANIFEST /ManifestFile:"Debug\illumianceDetailDll.dll.intermediate.manifest" /MANIFESTUAC:"level='asInvoker' uiAccess='false'" /DEBUG /PDB:"C:\Users\Zack.J\Desktop\ImageZ\ImageZ\bin\Debug\illumianceDetailDll.pdb" /SUBSYSTEM:WINDOWS /TLBID:1 /DYNAMICBASE /NXCOMPAT /IMPLIB:"..\ImageZ\bin\Debug\illumianceDetailDll.lib" /MACHINE:X86 /DLL Debug\illumianceDetailDll.dll.embed.manifest.res
         Debug\dllmain.obj
         Debug\illumianceDetailDll.obj
         Debug\stdafx.obj
            正在创建库 ..\ImageZ\bin\Debug\illumianceDetailDll.lib 和对象 ..\ImageZ\bin\Debug\illumianceDetailDll.exp
       Manifest:
         正在删除文件“Debug\illumianceDetailDll.dll.embed.manifest”。
         C:\Program Files (x86)\Microsoft SDKs\Windows\v7.0A\bin\mt.exe /nologo /verbose /out:"Debug\illumianceDetailDll.dll.embed.manifest" /manifest Debug\illumianceDetailDll.dll.intermediate.manifest
         C:\Program Files (x86)\Microsoft SDKs\Windows\v7.0A\bin\rc.exe /nologo /fo"Debug\illumianceDetailDll.dll.embed.manifest.res" Debug\illumianceDetailDll_manifest.rc 
       LinkEmbedManifest:
         C:\Program Files (x86)\Microsoft Visual Studio 10.0\VC\bin\link.exe /ERRORREPORT:PROMPT /OUT:"..\ImageZ\bin\Debug\illumianceDetailDll.dll" /INCREMENTAL /NOLOGO kernel32.lib user32.lib gdi32.lib winspool.lib comdlg32.lib advapi32.lib shell32.lib ole32.lib oleaut32.lib uuid.lib odbc32.lib odbccp32.lib /MANIFEST /ManifestFile:"Debug\illumianceDetailDll.dll.intermediate.manifest" /MANIFESTUAC:"level='asInvoker' uiAccess='false'" /DEBUG /PDB:"C:\Users\Zack.J\Desktop\ImageZ\ImageZ\bin\Debug\illumianceDetailDll.pdb" /SUBSYSTEM:WINDOWS /TLBID:1 /DYNAMICBASE /NXCOMPAT /IMPLIB:"..\ImageZ\bin\Debug\illumianceDetailDll.lib" /MACHINE:X86 /DLL Debug\illumianceDetailDll.dll.embed.manifest.res
         Debug\dllmain.obj
         Debug\illumianceDetailDll.obj
         Debug\stdafx.obj
            正在创建库 ..\ImageZ\bin\Debug\illumianceDetailDll.lib 和对象 ..\ImageZ\bin\Debug\illumianceDetailDll.exp
         illumianceDetailDll.vcxproj -> C:\Users\Zack.J\Desktop\ImageZ\illumianceDetailDll\..\ImageZ\bin\Debug\illumianceDetailDll.dll
       FinalizeBuildStatus:
         正在删除文件“Debug\illumianceDetailDll.unsuccessfulbuild”。
         正在对“Debug\illumianceDetailDll.lastbuildstate”执行 Touch 任务。
     1>已完成生成项目“C:\Users\Zack.J\Desktop\ImageZ\illumianceDetailDll\illumianceDetailDll.vcxproj”(rebuild 个目标)的操作。

生成成功。

已用时间 00:00:04.39
