..\ImageZ\bin\Debug\illumianceDetailDll.ilk
..\ImageZ\bin\Debug\illumianceDetailDll.pdb
C:\Users\Zack.J\Desktop\ImageZ\illumianceDetailDll\..\ImageZ\bin\Debug\illumianceDetailDll.dll
C:\Users\Zack.J\Desktop\ImageZ\illumianceDetailDll\Debug\cl.command.1.tlog
C:\Users\Zack.J\Desktop\ImageZ\illumianceDetailDll\Debug\CL.read.1.tlog
C:\Users\Zack.J\Desktop\ImageZ\illumianceDetailDll\Debug\CL.write.1.tlog
C:\USERS\ZACK.J\DESKTOP\IMAGEZ\ILLUMIANCEDETAILDLL\DEBUG\DLLMAIN.OBJ
C:\USERS\ZACK.J\DESKTOP\IMAGEZ\ILLUMIANCEDETAILDLL\DEBUG\ILLUMIANCEDETAILDLL.DLL.EMBED.MANIFEST
C:\USERS\ZACK.J\DESKTOP\IMAGEZ\ILLUMIANCEDETAILDLL\DEBUG\ILLUMIANCEDETAILDLL.DLL.EMBED.MANIFEST.RES
C:\USERS\ZACK.J\DESKTOP\IMAGEZ\ILLUMIANCEDETAILDLL\DEBUG\ILLUMIANCEDETAILDLL.DLL.INTERMEDIATE.MANIFEST
C:\USERS\ZACK.J\DESKTOP\IMAGEZ\ILLUMIANCEDETAILDLL\DEBUG\ILLUMIANCEDETAILDLL.OBJ
C:\USERS\ZACK.J\DESKTOP\IMAGEZ\ILLUMIANCEDETAILDLL\DEBUG\ILLUMIANCEDETAILDLL.PCH
C:\Users\Zack.J\Desktop\ImageZ\illumianceDetailDll\Debug\illumianceDetailDll.write.1.tlog
C:\Users\Zack.J\Desktop\ImageZ\illumianceDetailDll\Debug\illumianceDetailDll_manifest.rc
C:\Users\Zack.J\Desktop\ImageZ\illumianceDetailDll\Debug\link.8248.read.1.tlog
C:\Users\Zack.J\Desktop\ImageZ\illumianceDetailDll\Debug\link.8248.write.1.tlog
C:\Users\Zack.J\Desktop\ImageZ\illumianceDetailDll\Debug\link.8248-cvtres.read.1.tlog
C:\Users\Zack.J\Desktop\ImageZ\illumianceDetailDll\Debug\link.8248-cvtres.write.1.tlog
C:\Users\Zack.J\Desktop\ImageZ\illumianceDetailDll\Debug\link.command.1.tlog
C:\Users\Zack.J\Desktop\ImageZ\illumianceDetailDll\Debug\link.read.1.tlog
C:\Users\Zack.J\Desktop\ImageZ\illumianceDetailDll\Debug\link.write.1.tlog
C:\Users\Zack.J\Desktop\ImageZ\illumianceDetailDll\Debug\link-cvtres.read.1.tlog
C:\Users\Zack.J\Desktop\ImageZ\illumianceDetailDll\Debug\link-cvtres.write.1.tlog
C:\Users\Zack.J\Desktop\ImageZ\illumianceDetailDll\Debug\mt.command.1.tlog
C:\Users\Zack.J\Desktop\ImageZ\illumianceDetailDll\Debug\mt.read.1.tlog
C:\Users\Zack.J\Desktop\ImageZ\illumianceDetailDll\Debug\mt.write.1.tlog
C:\Users\Zack.J\Desktop\ImageZ\illumianceDetailDll\Debug\rc.command.1.tlog
C:\Users\Zack.J\Desktop\ImageZ\illumianceDetailDll\Debug\rc.read.1.tlog
C:\Users\Zack.J\Desktop\ImageZ\illumianceDetailDll\Debug\rc.write.1.tlog
C:\USERS\ZACK.J\DESKTOP\IMAGEZ\ILLUMIANCEDETAILDLL\DEBUG\STDAFX.OBJ
C:\Users\Zack.J\Desktop\ImageZ\illumianceDetailDll\Debug\vc100.idb
C:\USERS\ZACK.J\DESKTOP\IMAGEZ\ILLUMIANCEDETAILDLL\DEBUG\VC100.PDB
C:\USERS\ZACK.J\DESKTOP\IMAGEZ\IMAGEZ\BIN\DEBUG\ILLUMIANCEDETAILDLL.DLL
C:\Users\Zack.J\Desktop\ImageZ\ImageZ\bin\Debug\illumianceDetailDll.exp
C:\USERS\ZACK.J\DESKTOP\IMAGEZ\IMAGEZ\BIN\DEBUG\ILLUMIANCEDETAILDLL.ILK
C:\Users\Zack.J\Desktop\ImageZ\ImageZ\bin\Debug\illumianceDetailDll.lib
C:\USERS\ZACK.J\DESKTOP\IMAGEZ\IMAGEZ\BIN\DEBUG\ILLUMIANCEDETAILDLL.PDB
