生成启动时间为 2018/1/14 21:45:33。
     1>项目“C:\Users\Zack.J\Desktop\ImageZ\claraChromaDll\claraChromaDll.vcxproj”在节点 4 上(rebuild 个目标)。
     1>PrepareForBuild:
         正在创建目录“C:\Users\Zack.J\Desktop\ImageZ\Release\”。
       InitializeBuildStatus:
         正在创建“Release\claraChromaDll.unsuccessfulbuild”，因为已指定“AlwaysCreate”。
       ClCompile:
         C:\Program Files (x86)\Microsoft Visual Studio 10.0\VC\bin\CL.exe /c /Zi /nologo /W3 /WX- /O2 /Oi /Oy- /GL /D WIN32 /D NDEBUG /D _WINDOWS /D _USRDLL /D CLARACHROMADLL_EXPORTS /D _WINDLL /D _UNICODE /D UNICODE /Gm- /EHsc /MD /GS /Gy /fp:precise /Zc:wchar_t /Zc:forScope /Yc"StdAfx.h" /Fp"Release\claraChromaDll.pch" /Fo"Release\\" /Fd"Release\vc100.pdb" /Gd /TP /analyze- /errorReport:prompt stdafx.cpp
         stdafx.cpp
         C:\Program Files (x86)\Microsoft Visual Studio 10.0\VC\bin\CL.exe /c /Zi /nologo /W3 /WX- /O2 /Oi /Oy- /GL /D WIN32 /D NDEBUG /D _WINDOWS /D _USRDLL /D CLARACHROMADLL_EXPORTS /D _WINDLL /D _UNICODE /D UNICODE /Gm- /EHsc /MD /GS /Gy /fp:precise /Zc:wchar_t /Zc:forScope /Yu"StdAfx.h" /Fp"Release\claraChromaDll.pch" /Fo"Release\\" /Fd"Release\vc100.pdb" /Gd /TP /analyze- /errorReport:prompt claraChromaDll.cpp
         claraChromaDll.cpp
     1>claraChromaDll.cpp(178): warning C4244: “初始化”: 从“double”转换到“float”，可能丢失数据
     1>claraChromaDll.cpp(358): warning C4101: “dstStep”: 未引用的局部变量
     1>claraChromaDll.cpp(358): warning C4101: “y”: 未引用的局部变量
     1>claraChromaDll.cpp(358): warning C4101: “IStep”: 未引用的局部变量
     1>claraChromaDll.cpp(467): warning C4244: “=”: 从“float”转换到“uchar”，可能丢失数据
     1>claraChromaDll.cpp(468): warning C4244: “=”: 从“float”转换到“uchar”，可能丢失数据
     1>claraChromaDll.cpp(469): warning C4244: “=”: 从“float”转换到“uchar”，可能丢失数据
     1>claraChromaDll.cpp(478): warning C4305: “=”: 从“double”到“float”截断
     1>claraChromaDll.cpp(480): warning C4244: “=”: 从“double”转换到“float”，可能丢失数据
         C:\Program Files (x86)\Microsoft Visual Studio 10.0\VC\bin\CL.exe /c /Zi /nologo /W3 /WX- /O2 /Oi /Oy- /GL /D WIN32 /D NDEBUG /D _WINDOWS /D _USRDLL /D CLARACHROMADLL_EXPORTS /D _WINDLL /D _UNICODE /D UNICODE /Gm- /EHsc /MD /GS /Gy /fp:precise /Zc:wchar_t /Zc:forScope /Fo"Release\\" /Fd"Release\vc100.pdb" /Gd /TP /analyze- /errorReport:prompt dllmain.cpp
         dllmain.cpp
       Link:
         C:\Program Files (x86)\Microsoft Visual Studio 10.0\VC\bin\link.exe /ERRORREPORT:PROMPT /OUT:"C:\Users\Zack.J\Desktop\ImageZ\Release\claraChromaDll.dll" /INCREMENTAL:NO /NOLOGO kernel32.lib user32.lib gdi32.lib winspool.lib comdlg32.lib advapi32.lib shell32.lib ole32.lib oleaut32.lib uuid.lib odbc32.lib odbccp32.lib /MANIFEST /ManifestFile:"Release\claraChromaDll.dll.intermediate.manifest" /MANIFESTUAC:"level='asInvoker' uiAccess='false'" /DEBUG /PDB:"C:\Users\Zack.J\Desktop\ImageZ\Release\claraChromaDll.pdb" /SUBSYSTEM:WINDOWS /OPT:REF /OPT:ICF /LTCG /TLBID:1 /DYNAMICBASE /NXCOMPAT /IMPLIB:"C:\Users\Zack.J\Desktop\ImageZ\Release\claraChromaDll.lib" /MACHINE:X86 /DLL Release\claraChromaDll.obj
         Release\dllmain.obj
         Release\stdafx.obj
            正在创建库 C:\Users\Zack.J\Desktop\ImageZ\Release\claraChromaDll.lib 和对象 C:\Users\Zack.J\Desktop\ImageZ\Release\claraChromaDll.exp
         正在生成代码
         已完成代码的生成
         claraChromaDll.vcxproj -> C:\Users\Zack.J\Desktop\ImageZ\Release\claraChromaDll.dll
       Manifest:
         C:\Program Files (x86)\Microsoft SDKs\Windows\v7.0A\bin\mt.exe /nologo /verbose /outputresource:"C:\Users\Zack.J\Desktop\ImageZ\Release\claraChromaDll.dll;#2" /manifest Release\claraChromaDll.dll.intermediate.manifest
       FinalizeBuildStatus:
         正在删除文件“Release\claraChromaDll.unsuccessfulbuild”。
         正在对“Release\claraChromaDll.lastbuildstate”执行 Touch 任务。
     1>已完成生成项目“C:\Users\Zack.J\Desktop\ImageZ\claraChromaDll\claraChromaDll.vcxproj”(rebuild 个目标)的操作。

生成成功。

已用时间 00:00:05.38
