..\boxblur\bin\Release\illumianceDetailDll.pdb
C:\USERS\ZACK.J\DESKTOP\IMAGEZ\TEST\BOXBLUR\BIN\RELEASE\ILLUMIANCEDETAILDLL.DLL
C:\Users\Zack.J\Desktop\ImageZ\test\boxblur\bin\Release\illumianceDetailDll.exp
C:\Users\Zack.J\Desktop\ImageZ\test\boxblur\bin\Release\illumianceDetailDll.lib
C:\USERS\ZACK.J\DESKTOP\IMAGEZ\TEST\BOXBLUR\BIN\RELEASE\ILLUMIANCEDETAILDLL.PDB
C:\Users\Zack.J\Desktop\ImageZ\test\illumianceDetailDll\..\boxblur\bin\Release\illumianceDetailDll.dll
C:\Users\Zack.J\Desktop\ImageZ\test\illumianceDetailDll\Release\cl.command.1.tlog
C:\Users\Zack.J\Desktop\ImageZ\test\illumianceDetailDll\Release\CL.read.1.tlog
C:\Users\Zack.J\Desktop\ImageZ\test\illumianceDetailDll\Release\CL.write.1.tlog
C:\USERS\ZACK.J\DESKTOP\IMAGEZ\TEST\ILLUMIANCEDETAILDLL\RELEASE\DLLMAIN.OBJ
C:\USERS\ZACK.J\DESKTOP\IMAGEZ\TEST\ILLUMIANCEDETAILDLL\RELEASE\ILLUMIANCEDETAILDLL.DLL.INTERMEDIATE.MANIFEST
C:\USERS\ZACK.J\DESKTOP\IMAGEZ\TEST\ILLUMIANCEDETAILDLL\RELEASE\ILLUMIANCEDETAILDLL.OBJ
C:\USERS\ZACK.J\DESKTOP\IMAGEZ\TEST\ILLUMIANCEDETAILDLL\RELEASE\ILLUMIANCEDETAILDLL.PCH
C:\Users\Zack.J\Desktop\ImageZ\test\illumianceDetailDll\Release\illumianceDetailDll.vcxprojResolveAssemblyReference.cache
C:\Users\Zack.J\Desktop\ImageZ\test\illumianceDetailDll\Release\illumianceDetailDll.write.1.tlog
C:\Users\Zack.J\Desktop\ImageZ\test\illumianceDetailDll\Release\link.command.1.tlog
C:\Users\Zack.J\Desktop\ImageZ\test\illumianceDetailDll\Release\link.read.1.tlog
C:\Users\Zack.J\Desktop\ImageZ\test\illumianceDetailDll\Release\link.write.1.tlog
C:\Users\Zack.J\Desktop\ImageZ\test\illumianceDetailDll\Release\mt.command.1.tlog
C:\Users\Zack.J\Desktop\ImageZ\test\illumianceDetailDll\Release\mt.read.1.tlog
C:\Users\Zack.J\Desktop\ImageZ\test\illumianceDetailDll\Release\mt.write.1.tlog
C:\USERS\ZACK.J\DESKTOP\IMAGEZ\TEST\ILLUMIANCEDETAILDLL\RELEASE\STDAFX.OBJ
C:\USERS\ZACK.J\DESKTOP\IMAGEZ\TEST\ILLUMIANCEDETAILDLL\RELEASE\VC100.PDB
