生成启动时间为 2018/2/5 18:23:12。
     1>项目“C:\Users\Zack.J\Desktop\ImageZ\test\illumianceDetailDll\illumianceDetailDll.vcxproj”在节点 2 上(rebuild 个目标)。
     1>_PrepareForClean:
         正在删除文件“Release\illumianceDetailDll.lastbuildstate”。
     1>C:\Program Files (x86)\MSBuild\Microsoft.Cpp\v4.0\Microsoft.CppBuild.targets(299,5): warning MSB8004: Output 目录未以斜杠结尾。此生成实例将添加斜杠，因为必须有这个斜杠才能正确计算 Output 目录。
       InitializeBuildStatus:
         正在创建“Release\illumianceDetailDll.unsuccessfulbuild”，因为已指定“AlwaysCreate”。
       ClCompile:
         C:\Program Files (x86)\Microsoft Visual Studio 10.0\VC\bin\CL.exe /c /Zi /nologo /W3 /WX- /O2 /Oi /Oy- /GL /D WIN32 /D NDEBUG /D _WINDOWS /D _USRDLL /D ILLUMIANCEDETAILDLL_EXPORTS /D _WINDLL /D _UNICODE /D UNICODE /Gm- /EHsc /MD /GS /Gy /fp:precise /Zc:wchar_t /Zc:forScope /Yc"StdAfx.h" /Fp"Release\illumianceDetailDll.pch" /Fo"Release\\" /Fd"Release\vc100.pdb" /Gd /TP /analyze- /errorReport:prompt stdafx.cpp
         stdafx.cpp
         C:\Program Files (x86)\Microsoft Visual Studio 10.0\VC\bin\CL.exe /c /Zi /nologo /W3 /WX- /O2 /Oi /Oy- /GL /D WIN32 /D NDEBUG /D _WINDOWS /D _USRDLL /D ILLUMIANCEDETAILDLL_EXPORTS /D _WINDLL /D _UNICODE /D UNICODE /Gm- /EHsc /MD /GS /Gy /fp:precise /Zc:wchar_t /Zc:forScope /Fo"Release\\" /Fd"Release\vc100.pdb" /Gd /TP /analyze- /errorReport:prompt dllmain.cpp
         dllmain.cpp
         C:\Program Files (x86)\Microsoft Visual Studio 10.0\VC\bin\CL.exe /c /Zi /nologo /W3 /WX- /O2 /Oi /Oy- /GL /D WIN32 /D NDEBUG /D _WINDOWS /D _USRDLL /D ILLUMIANCEDETAILDLL_EXPORTS /D _WINDLL /D _UNICODE /D UNICODE /Gm- /EHsc /MD /GS /Gy /fp:precise /Zc:wchar_t /Zc:forScope /Yu"StdAfx.h" /Fp"Release\illumianceDetailDll.pch" /Fo"Release\\" /Fd"Release\vc100.pdb" /Gd /TP /analyze- /errorReport:prompt illumianceDetailDll.cpp
         illumianceDetailDll.cpp
     1>illumianceDetailDll.cpp(208): warning C4244: “初始化”: 从“double”转换到“int”，可能丢失数据
     1>illumianceDetailDll.cpp(236): warning C4244: “初始化”: 从“double”转换到“float”，可能丢失数据
     1>illumianceDetailDll.cpp(431): warning C4244: “=”: 从“float”转换到“int”，可能丢失数据
     1>illumianceDetailDll.cpp(455): warning C4244: “=”: 从“float”转换到“int”，可能丢失数据
     1>illumianceDetailDll.cpp(615): warning C4244: “=”: 从“double”转换到“float”，可能丢失数据
     1>illumianceDetailDll.cpp(616): warning C4244: “初始化”: 从“double”转换到“float”，可能丢失数据
     1>illumianceDetailDll.cpp(617): warning C4244: “初始化”: 从“double”转换到“float”，可能丢失数据
     1>illumianceDetailDll.cpp(618): warning C4244: “初始化”: 从“double”转换到“float”，可能丢失数据
     1>illumianceDetailDll.cpp(610): warning C4101: “detail_image”: 未引用的局部变量
     1>illumianceDetailDll.cpp(669): warning C4244: “初始化”: 从“float”转换到“int”，可能丢失数据
     1>illumianceDetailDll.cpp(674): warning C4244: “初始化”: 从“float”转换到“int”，可能丢失数据
     1>illumianceDetailDll.cpp(697): warning C4244: “参数”: 从“float”转换到“int”，可能丢失数据
     1>illumianceDetailDll.cpp(698): warning C4244: “参数”: 从“float”转换到“int”，可能丢失数据
     1>illumianceDetailDll.cpp(699): warning C4244: “参数”: 从“float”转换到“int”，可能丢失数据
     1>illumianceDetailDll.cpp(643): warning C4101: “sub_I”: 未引用的局部变量
     1>illumianceDetailDll.cpp(644): warning C4101: “L”: 未引用的局部变量
       Link:
         C:\Program Files (x86)\Microsoft Visual Studio 10.0\VC\bin\link.exe /ERRORREPORT:PROMPT /OUT:"..\boxblur\bin\Release\illumianceDetailDll.dll" /INCREMENTAL:NO /NOLOGO kernel32.lib user32.lib gdi32.lib winspool.lib comdlg32.lib advapi32.lib shell32.lib ole32.lib oleaut32.lib uuid.lib odbc32.lib odbccp32.lib /MANIFEST /ManifestFile:"Release\illumianceDetailDll.dll.intermediate.manifest" /MANIFESTUAC:"level='asInvoker' uiAccess='false'" /DEBUG /PDB:"C:\Users\Zack.J\Desktop\ImageZ\test\boxblur\bin\Release\illumianceDetailDll.pdb" /SUBSYSTEM:WINDOWS /OPT:REF /OPT:ICF /LTCG /TLBID:1 /DYNAMICBASE /NXCOMPAT /IMPLIB:"..\boxblur\bin\Release\illumianceDetailDll.lib" /MACHINE:X86 /DLL Release\dllmain.obj
         Release\illumianceDetailDll.obj
         Release\stdafx.obj
            正在创建库 ..\boxblur\bin\Release\illumianceDetailDll.lib 和对象 ..\boxblur\bin\Release\illumianceDetailDll.exp
         正在生成代码
         已完成代码的生成
         illumianceDetailDll.vcxproj -> C:\Users\Zack.J\Desktop\ImageZ\test\illumianceDetailDll\..\boxblur\bin\Release\illumianceDetailDll.dll
       Manifest:
         C:\Program Files (x86)\Microsoft SDKs\Windows\v7.0A\bin\mt.exe /nologo /verbose /outputresource:"..\boxblur\bin\Release\illumianceDetailDll.dll;#2" /manifest Release\illumianceDetailDll.dll.intermediate.manifest
       FinalizeBuildStatus:
         正在删除文件“Release\illumianceDetailDll.unsuccessfulbuild”。
         正在对“Release\illumianceDetailDll.lastbuildstate”执行 Touch 任务。
     1>已完成生成项目“C:\Users\Zack.J\Desktop\ImageZ\test\illumianceDetailDll\illumianceDetailDll.vcxproj”(rebuild 个目标)的操作。

生成成功。

已用时间 00:00:03.49
