C:\Users\Zack.J\Desktop\ImageZ\detailEnhance\Release\cl.command.1.tlog
C:\Users\Zack.J\Desktop\ImageZ\detailEnhance\Release\CL.read.1.tlog
C:\Users\Zack.J\Desktop\ImageZ\detailEnhance\Release\CL.write.1.tlog
C:\Users\Zack.J\Desktop\ImageZ\detailEnhance\Release\detailEnhance.dll.intermediate.manifest
C:\Users\Zack.J\Desktop\ImageZ\detailEnhance\Release\detailEnhance.obj
C:\Users\Zack.J\Desktop\ImageZ\detailEnhance\Release\detailEnhance.pch
C:\Users\Zack.J\Desktop\ImageZ\detailEnhance\Release\detailEnhance.write.1.tlog
C:\Users\Zack.J\Desktop\ImageZ\detailEnhance\Release\dllmain.obj
C:\Users\Zack.J\Desktop\ImageZ\detailEnhance\Release\link.command.1.tlog
C:\Users\Zack.J\Desktop\ImageZ\detailEnhance\Release\link.read.1.tlog
C:\Users\Zack.J\Desktop\ImageZ\detailEnhance\Release\link.write.1.tlog
C:\Users\Zack.J\Desktop\ImageZ\detailEnhance\Release\mt.command.1.tlog
C:\Users\Zack.J\Desktop\ImageZ\detailEnhance\Release\mt.read.1.tlog
C:\Users\Zack.J\Desktop\ImageZ\detailEnhance\Release\mt.write.1.tlog
C:\Users\Zack.J\Desktop\ImageZ\detailEnhance\Release\stdafx.obj
C:\Users\Zack.J\Desktop\ImageZ\detailEnhance\Release\vc100.pdb
C:\USERS\ZACK.J\DESKTOP\IMAGEZ\TEST\BOXBLUR\BIN\RELEASE\DETAILENHANCE.DLL
C:\Users\Zack.J\Desktop\ImageZ\test\boxblur\bin\Release\detailEnhance.exp
C:\Users\Zack.J\Desktop\ImageZ\test\boxblur\bin\Release\detailEnhance.lib
C:\USERS\ZACK.J\DESKTOP\IMAGEZ\TEST\BOXBLUR\BIN\RELEASE\DETAILENHANCE.PDB
C:\USERS\ZACK.J\DESKTOP\IMAGEZ\TEST\DETAILENHANCE\RELEASE\DETAILENHANCE.DLL.INTERMEDIATE.MANIFEST
C:\USERS\ZACK.J\DESKTOP\IMAGEZ\TEST\DETAILENHANCE\RELEASE\DETAILENHANCE.OBJ
C:\USERS\ZACK.J\DESKTOP\IMAGEZ\TEST\DETAILENHANCE\RELEASE\DETAILENHANCE.PCH
C:\USERS\ZACK.J\DESKTOP\IMAGEZ\TEST\DETAILENHANCE\RELEASE\DLLMAIN.OBJ
C:\USERS\ZACK.J\DESKTOP\IMAGEZ\TEST\DETAILENHANCE\RELEASE\STDAFX.OBJ
C:\USERS\ZACK.J\DESKTOP\IMAGEZ\TEST\DETAILENHANCE\RELEASE\VC100.PDB
