..\ImageZ\bin\Release\guidedFilterDll.pdb
C:\Users\Zack.J\Desktop\ImageZ\guidedFilterDll\..\ImageZ\bin\Release\guidedFilterDll.dll
C:\Users\Zack.J\Desktop\ImageZ\guidedFilterDll\Release\cl.command.1.tlog
C:\Users\Zack.J\Desktop\ImageZ\guidedFilterDll\Release\CL.read.1.tlog
C:\Users\Zack.J\Desktop\ImageZ\guidedFilterDll\Release\CL.write.1.tlog
C:\USERS\ZACK.J\DESKTOP\IMAGEZ\GUIDEDFILTERDLL\RELEASE\DLLMAIN.OBJ
C:\USERS\ZACK.J\DESKTOP\IMAGEZ\GUIDEDFILTERDLL\RELEASE\GUIDEDFILTERDLL.DLL.INTERMEDIATE.MANIFEST
C:\USERS\ZACK.J\DESKTOP\IMAGEZ\GUIDEDFILTERDLL\RELEASE\GUIDEDFILTERDLL.OBJ
C:\USERS\ZACK.J\DESKTOP\IMAGEZ\GUIDEDFILTERDLL\RELEASE\GUIDEDFILTERDLL.PCH
C:\Users\Zack.J\Desktop\ImageZ\guidedFilterDll\Release\guidedFilterDll.vcxprojResolveAssemblyReference.cache
C:\Users\Zack.J\Desktop\ImageZ\guidedFilterDll\Release\guidedFilterDll.write.1.tlog
C:\Users\Zack.J\Desktop\ImageZ\guidedFilterDll\Release\link.command.1.tlog
C:\Users\Zack.J\Desktop\ImageZ\guidedFilterDll\Release\link.read.1.tlog
C:\Users\Zack.J\Desktop\ImageZ\guidedFilterDll\Release\link.write.1.tlog
C:\Users\Zack.J\Desktop\ImageZ\guidedFilterDll\Release\mt.command.1.tlog
C:\Users\Zack.J\Desktop\ImageZ\guidedFilterDll\Release\mt.read.1.tlog
C:\Users\Zack.J\Desktop\ImageZ\guidedFilterDll\Release\mt.write.1.tlog
C:\USERS\ZACK.J\DESKTOP\IMAGEZ\GUIDEDFILTERDLL\RELEASE\STDAFX.OBJ
C:\USERS\ZACK.J\DESKTOP\IMAGEZ\GUIDEDFILTERDLL\RELEASE\VC100.PDB
C:\USERS\ZACK.J\DESKTOP\IMAGEZ\IMAGEZ\BIN\RELEASE\GUIDEDFILTERDLL.DLL
C:\Users\Zack.J\Desktop\ImageZ\ImageZ\bin\Release\guidedFilterDll.exp
C:\Users\Zack.J\Desktop\ImageZ\ImageZ\bin\Release\guidedFilterDll.lib
C:\USERS\ZACK.J\DESKTOP\IMAGEZ\IMAGEZ\BIN\RELEASE\GUIDEDFILTERDLL.PDB
