生成启动时间为 2018/1/14 21:45:32。
     1>项目“C:\Users\Zack.J\Desktop\ImageZ\boxblurCpp\boxblurCpp.vcxproj”在节点 2 上(rebuild 个目标)。
     1>_PrepareForClean:
         正在删除文件“Release\boxblurCpp.lastbuildstate”。
     1>C:\Program Files (x86)\MSBuild\Microsoft.Cpp\v4.0\Microsoft.CppBuild.targets(299,5): warning MSB8004: Output 目录未以斜杠结尾。此生成实例将添加斜杠，因为必须有这个斜杠才能正确计算 Output 目录。
       InitializeBuildStatus:
         正在创建“Release\boxblurCpp.unsuccessfulbuild”，因为已指定“AlwaysCreate”。
       ClCompile:
         C:\Program Files (x86)\Microsoft Visual Studio 10.0\VC\bin\CL.exe /c /Zi /nologo /W3 /WX- /O2 /Oi /Oy- /GL /D WIN32 /D NDEBUG /D _WINDOWS /D _USRDLL /D BOXBLURCPP_EXPORTS /D _WINDLL /D _UNICODE /D UNICODE /Gm- /EHsc /MD /GS /Gy /fp:precise /Zc:wchar_t /Zc:forScope /Yc"StdAfx.h" /Fp"Release\boxblurCpp.pch" /Fo"Release\\" /Fd"Release\vc100.pdb" /Gd /TP /analyze- /errorReport:prompt stdafx.cpp
         stdafx.cpp
         C:\Program Files (x86)\Microsoft Visual Studio 10.0\VC\bin\CL.exe /c /Zi /nologo /W3 /WX- /O2 /Oi /Oy- /GL /D WIN32 /D NDEBUG /D _WINDOWS /D _USRDLL /D BOXBLURCPP_EXPORTS /D _WINDLL /D _UNICODE /D UNICODE /Gm- /EHsc /MD /GS /Gy /fp:precise /Zc:wchar_t /Zc:forScope /Yu"StdAfx.h" /Fp"Release\boxblurCpp.pch" /Fo"Release\\" /Fd"Release\vc100.pdb" /Gd /TP /analyze- /errorReport:prompt boxblurCpp.cpp
         boxblurCpp.cpp
     1>boxblurCpp.cpp(57): warning C4482: 使用了非标准扩展: 限定名中使用了枚举“EdgeMode”
     1>boxblurCpp.cpp(68): warning C4482: 使用了非标准扩展: 限定名中使用了枚举“EdgeMode”
     1>boxblurCpp.cpp(156): warning C4244: “初始化”: 从“double”转换到“float”，可能丢失数据
     1>boxblurCpp.cpp(159): warning C4482: 使用了非标准扩展: 限定名中使用了枚举“EdgeMode”
     1>boxblurCpp.cpp(160): warning C4482: 使用了非标准扩展: 限定名中使用了枚举“EdgeMode”
     1>boxblurCpp.cpp(328): warning C4244: “=”: 从“float”转换到“unsigned char”，可能丢失数据
         C:\Program Files (x86)\Microsoft Visual Studio 10.0\VC\bin\CL.exe /c /Zi /nologo /W3 /WX- /O2 /Oi /Oy- /GL /D WIN32 /D NDEBUG /D _WINDOWS /D _USRDLL /D BOXBLURCPP_EXPORTS /D _WINDLL /D _UNICODE /D UNICODE /Gm- /EHsc /MD /GS /Gy /fp:precise /Zc:wchar_t /Zc:forScope /Fo"Release\\" /Fd"Release\vc100.pdb" /Gd /TP /analyze- /errorReport:prompt dllmain.cpp
         dllmain.cpp
       Link:
         C:\Program Files (x86)\Microsoft Visual Studio 10.0\VC\bin\link.exe /ERRORREPORT:PROMPT /OUT:"..\ImageZ\bin\Release\boxblurCpp.dll" /INCREMENTAL:NO /NOLOGO kernel32.lib user32.lib gdi32.lib winspool.lib comdlg32.lib advapi32.lib shell32.lib ole32.lib oleaut32.lib uuid.lib odbc32.lib odbccp32.lib /MANIFEST /ManifestFile:"Release\boxblurCpp.dll.intermediate.manifest" /MANIFESTUAC:"level='asInvoker' uiAccess='false'" /DEBUG /PDB:"C:\Users\Zack.J\Desktop\ImageZ\ImageZ\bin\Release\boxblurCpp.pdb" /SUBSYSTEM:WINDOWS /OPT:REF /OPT:ICF /LTCG /TLBID:1 /DYNAMICBASE /NXCOMPAT /IMPLIB:"..\ImageZ\bin\Release\boxblurCpp.lib" /MACHINE:X86 /DLL Release\boxblurCpp.obj
         Release\dllmain.obj
         Release\stdafx.obj
            正在创建库 ..\ImageZ\bin\Release\boxblurCpp.lib 和对象 ..\ImageZ\bin\Release\boxblurCpp.exp
         正在生成代码
         已完成代码的生成
         boxblurCpp.vcxproj -> C:\Users\Zack.J\Desktop\ImageZ\boxblurCpp\..\ImageZ\bin\Release\boxblurCpp.dll
       Manifest:
         C:\Program Files (x86)\Microsoft SDKs\Windows\v7.0A\bin\mt.exe /nologo /verbose /outputresource:"..\ImageZ\bin\Release\boxblurCpp.dll;#2" /manifest Release\boxblurCpp.dll.intermediate.manifest
       FinalizeBuildStatus:
         正在删除文件“Release\boxblurCpp.unsuccessfulbuild”。
         正在对“Release\boxblurCpp.lastbuildstate”执行 Touch 任务。
     1>已完成生成项目“C:\Users\Zack.J\Desktop\ImageZ\boxblurCpp\boxblurCpp.vcxproj”(rebuild 个目标)的操作。

生成成功。

已用时间 00:00:04.76
