C:\USERS\ZACK.J\DESKTOP\IMAGEZ\BOXBLURCPP\RELEASE\BOXBLURCPP.DLL.INTERMEDIATE.MANIFEST
C:\USERS\ZACK.J\DESKTOP\IMAGEZ\BOXBLURCPP\RELEASE\BOXBLURCPP.OBJ
C:\USERS\ZACK.J\DESKTOP\IMAGEZ\BOXBLURCPP\RELEASE\BOXBLURCPP.PCH
C:\Users\Zack.J\Desktop\ImageZ\boxblurCpp\Release\boxblurCpp.write.1.tlog
C:\Users\Zack.J\Desktop\ImageZ\boxblurCpp\Release\cl.command.1.tlog
C:\Users\Zack.J\Desktop\ImageZ\boxblurCpp\Release\CL.read.1.tlog
C:\Users\Zack.J\Desktop\ImageZ\boxblurCpp\Release\CL.write.1.tlog
C:\USERS\ZACK.J\DESKTOP\IMAGEZ\BOXBLURCPP\RELEASE\DLLMAIN.OBJ
C:\Users\Zack.J\Desktop\ImageZ\boxblurCpp\Release\link.command.1.tlog
C:\Users\Zack.J\Desktop\ImageZ\boxblurCpp\Release\link.read.1.tlog
C:\Users\Zack.J\Desktop\ImageZ\boxblurCpp\Release\link.write.1.tlog
C:\Users\Zack.J\Desktop\ImageZ\boxblurCpp\Release\mt.command.1.tlog
C:\Users\Zack.J\Desktop\ImageZ\boxblurCpp\Release\mt.read.1.tlog
C:\Users\Zack.J\Desktop\ImageZ\boxblurCpp\Release\mt.write.1.tlog
C:\USERS\ZACK.J\DESKTOP\IMAGEZ\BOXBLURCPP\RELEASE\STDAFX.OBJ
C:\USERS\ZACK.J\DESKTOP\IMAGEZ\BOXBLURCPP\RELEASE\VC100.PDB
C:\USERS\ZACK.J\DESKTOP\IMAGEZ\IMAGEZ\BIN\RELEASE\BOXBLURCPP.DLL
C:\Users\Zack.J\Desktop\ImageZ\ImageZ\bin\Release\boxblurCpp.exp
C:\Users\Zack.J\Desktop\ImageZ\ImageZ\bin\Release\boxblurCpp.lib
C:\USERS\ZACK.J\DESKTOP\IMAGEZ\IMAGEZ\BIN\RELEASE\BOXBLURCPP.PDB
