生成启动时间为 2017/11/24 14:22:15。
     1>项目“C:\Users\Zack.J\Desktop\ImageZ\claraChromaDll\claraChromaDll.vcxproj”在节点 2 上(rebuild 个目标)。
     1>_PrepareForClean:
         正在删除文件“Debug\claraChromaDll.lastbuildstate”。
     1>C:\Program Files (x86)\MSBuild\Microsoft.Cpp\v4.0\Microsoft.CppBuild.targets(299,5): warning MSB8004: Output 目录未以斜杠结尾。此生成实例将添加斜杠，因为必须有这个斜杠才能正确计算 Output 目录。
       InitializeBuildStatus:
         正在创建“Debug\claraChromaDll.unsuccessfulbuild”，因为已指定“AlwaysCreate”。
       ClCompile:
         C:\Program Files (x86)\Microsoft Visual Studio 10.0\VC\bin\CL.exe /c /ZI /nologo /W3 /WX- /Od /Oy- /D WIN32 /D _DEBUG /D _WINDOWS /D _USRDLL /D CLARACHROMADLL_EXPORTS /D _WINDLL /D _UNICODE /D UNICODE /Gm /EHsc /RTC1 /MDd /GS /fp:precise /Zc:wchar_t /Zc:forScope /Yc"StdAfx.h" /Fp"Debug\claraChromaDll.pch" /Fo"Debug\\" /Fd"Debug\vc100.pdb" /Gd /TP /analyze- /errorReport:prompt stdafx.cpp
         stdafx.cpp
         C:\Program Files (x86)\Microsoft Visual Studio 10.0\VC\bin\CL.exe /c /ZI /nologo /W3 /WX- /Od /Oy- /D WIN32 /D _DEBUG /D _WINDOWS /D _USRDLL /D CLARACHROMADLL_EXPORTS /D _WINDLL /D _UNICODE /D UNICODE /Gm /EHsc /RTC1 /MDd /GS /fp:precise /Zc:wchar_t /Zc:forScope /Yu"StdAfx.h" /Fp"Debug\claraChromaDll.pch" /Fo"Debug\\" /Fd"Debug\vc100.pdb" /Gd /TP /analyze- /errorReport:prompt claraChromaDll.cpp
         claraChromaDll.cpp
     1>c:\users\zack.j\desktop\imagez\clarachromadll\clarachromadll.cpp(178): warning C4244: “初始化”: 从“double”转换到“float”，可能丢失数据
     1>c:\users\zack.j\desktop\imagez\clarachromadll\clarachromadll.cpp(358): warning C4101: “dstStep”: 未引用的局部变量
     1>c:\users\zack.j\desktop\imagez\clarachromadll\clarachromadll.cpp(358): warning C4101: “y”: 未引用的局部变量
     1>c:\users\zack.j\desktop\imagez\clarachromadll\clarachromadll.cpp(358): warning C4101: “IStep”: 未引用的局部变量
     1>c:\users\zack.j\desktop\imagez\clarachromadll\clarachromadll.cpp(467): warning C4244: “=”: 从“float”转换到“uchar”，可能丢失数据
     1>c:\users\zack.j\desktop\imagez\clarachromadll\clarachromadll.cpp(468): warning C4244: “=”: 从“float”转换到“uchar”，可能丢失数据
     1>c:\users\zack.j\desktop\imagez\clarachromadll\clarachromadll.cpp(469): warning C4244: “=”: 从“float”转换到“uchar”，可能丢失数据
     1>c:\users\zack.j\desktop\imagez\clarachromadll\clarachromadll.cpp(478): warning C4305: “=”: 从“double”到“float”截断
     1>c:\users\zack.j\desktop\imagez\clarachromadll\clarachromadll.cpp(480): warning C4244: “=”: 从“double”转换到“float”，可能丢失数据
         C:\Program Files (x86)\Microsoft Visual Studio 10.0\VC\bin\CL.exe /c /ZI /nologo /W3 /WX- /Od /Oy- /D WIN32 /D _DEBUG /D _WINDOWS /D _USRDLL /D CLARACHROMADLL_EXPORTS /D _WINDLL /D _UNICODE /D UNICODE /Gm /EHsc /RTC1 /MDd /GS /fp:precise /Zc:wchar_t /Zc:forScope /Fo"Debug\\" /Fd"Debug\vc100.pdb" /Gd /TP /analyze- /errorReport:prompt dllmain.cpp
         dllmain.cpp
       ManifestResourceCompile:
         C:\Program Files (x86)\Microsoft SDKs\Windows\v7.0A\bin\rc.exe /nologo /fo"Debug\claraChromaDll.dll.embed.manifest.res" Debug\claraChromaDll_manifest.rc 
       Link:
         C:\Program Files (x86)\Microsoft Visual Studio 10.0\VC\bin\link.exe /ERRORREPORT:PROMPT /OUT:"..\ImageZ\bin\Debug\claraChromaDll.dll" /INCREMENTAL /NOLOGO kernel32.lib user32.lib gdi32.lib winspool.lib comdlg32.lib advapi32.lib shell32.lib ole32.lib oleaut32.lib uuid.lib odbc32.lib odbccp32.lib /MANIFEST /ManifestFile:"Debug\claraChromaDll.dll.intermediate.manifest" /MANIFESTUAC:"level='asInvoker' uiAccess='false'" /DEBUG /PDB:"C:\Users\Zack.J\Desktop\ImageZ\ImageZ\bin\Debug\claraChromaDll.pdb" /SUBSYSTEM:WINDOWS /TLBID:1 /DYNAMICBASE /NXCOMPAT /IMPLIB:"..\ImageZ\bin\Debug\claraChromaDll.lib" /MACHINE:X86 /DLL Debug\claraChromaDll.dll.embed.manifest.res
         Debug\claraChromaDll.obj
         Debug\dllmain.obj
         Debug\stdafx.obj
            正在创建库 ..\ImageZ\bin\Debug\claraChromaDll.lib 和对象 ..\ImageZ\bin\Debug\claraChromaDll.exp
       Manifest:
         正在删除文件“Debug\claraChromaDll.dll.embed.manifest”。
         C:\Program Files (x86)\Microsoft SDKs\Windows\v7.0A\bin\mt.exe /nologo /verbose /out:"Debug\claraChromaDll.dll.embed.manifest" /manifest Debug\claraChromaDll.dll.intermediate.manifest
         C:\Program Files (x86)\Microsoft SDKs\Windows\v7.0A\bin\rc.exe /nologo /fo"Debug\claraChromaDll.dll.embed.manifest.res" Debug\claraChromaDll_manifest.rc 
       LinkEmbedManifest:
         C:\Program Files (x86)\Microsoft Visual Studio 10.0\VC\bin\link.exe /ERRORREPORT:PROMPT /OUT:"..\ImageZ\bin\Debug\claraChromaDll.dll" /INCREMENTAL /NOLOGO kernel32.lib user32.lib gdi32.lib winspool.lib comdlg32.lib advapi32.lib shell32.lib ole32.lib oleaut32.lib uuid.lib odbc32.lib odbccp32.lib /MANIFEST /ManifestFile:"Debug\claraChromaDll.dll.intermediate.manifest" /MANIFESTUAC:"level='asInvoker' uiAccess='false'" /DEBUG /PDB:"C:\Users\Zack.J\Desktop\ImageZ\ImageZ\bin\Debug\claraChromaDll.pdb" /SUBSYSTEM:WINDOWS /TLBID:1 /DYNAMICBASE /NXCOMPAT /IMPLIB:"..\ImageZ\bin\Debug\claraChromaDll.lib" /MACHINE:X86 /DLL Debug\claraChromaDll.dll.embed.manifest.res
         Debug\claraChromaDll.obj
         Debug\dllmain.obj
         Debug\stdafx.obj
            正在创建库 ..\ImageZ\bin\Debug\claraChromaDll.lib 和对象 ..\ImageZ\bin\Debug\claraChromaDll.exp
         claraChromaDll.vcxproj -> C:\Users\Zack.J\Desktop\ImageZ\claraChromaDll\..\ImageZ\bin\Debug\claraChromaDll.dll
       FinalizeBuildStatus:
         正在删除文件“Debug\claraChromaDll.unsuccessfulbuild”。
         正在对“Debug\claraChromaDll.lastbuildstate”执行 Touch 任务。
     1>已完成生成项目“C:\Users\Zack.J\Desktop\ImageZ\claraChromaDll\claraChromaDll.vcxproj”(rebuild 个目标)的操作。

生成成功。

已用时间 00:00:03.64
