..\ImageZ\bin\Debug\claraChromaDll.ilk
..\ImageZ\bin\Debug\claraChromaDll.pdb
C:\Users\Zack.J\Desktop\ImageZ\claraChromaDll\..\ImageZ\bin\Debug\claraChromaDll.dll
C:\Users\Zack.J\Desktop\ImageZ\claraChromaDll\Debug\cl.command.1.tlog
C:\Users\Zack.J\Desktop\ImageZ\claraChromaDll\Debug\CL.read.1.tlog
C:\Users\Zack.J\Desktop\ImageZ\claraChromaDll\Debug\CL.write.1.tlog
C:\USERS\ZACK.J\DESKTOP\IMAGEZ\CLARACHROMADLL\DEBUG\CLARACHROMADLL.DLL.EMBED.MANIFEST
C:\USERS\ZACK.J\DESKTOP\IMAGEZ\CLARACHROMADLL\DEBUG\CLARACHROMADLL.DLL.EMBED.MANIFEST.RES
C:\USERS\ZACK.J\DESKTOP\IMAGEZ\CLARACHROMADLL\DEBUG\CLARACHROMADLL.DLL.INTERMEDIATE.MANIFEST
C:\USERS\ZACK.J\DESKTOP\IMAGEZ\CLARACHROMADLL\DEBUG\CLARACHROMADLL.OBJ
C:\USERS\ZACK.J\DESKTOP\IMAGEZ\CLARACHROMADLL\DEBUG\CLARACHROMADLL.PCH
C:\Users\Zack.J\Desktop\ImageZ\claraChromaDll\Debug\claraChromaDll.write.1.tlog
C:\Users\Zack.J\Desktop\ImageZ\claraChromaDll\Debug\claraChromaDll_manifest.rc
C:\USERS\ZACK.J\DESKTOP\IMAGEZ\CLARACHROMADLL\DEBUG\DLLMAIN.OBJ
C:\Users\Zack.J\Desktop\ImageZ\claraChromaDll\Debug\link.7524.read.1.tlog
C:\Users\Zack.J\Desktop\ImageZ\claraChromaDll\Debug\link.7524.write.1.tlog
C:\Users\Zack.J\Desktop\ImageZ\claraChromaDll\Debug\link.7524-cvtres.read.1.tlog
C:\Users\Zack.J\Desktop\ImageZ\claraChromaDll\Debug\link.7524-cvtres.write.1.tlog
C:\Users\Zack.J\Desktop\ImageZ\claraChromaDll\Debug\link.command.1.tlog
C:\Users\Zack.J\Desktop\ImageZ\claraChromaDll\Debug\link.read.1.tlog
C:\Users\Zack.J\Desktop\ImageZ\claraChromaDll\Debug\link.write.1.tlog
C:\Users\Zack.J\Desktop\ImageZ\claraChromaDll\Debug\link-cvtres.read.1.tlog
C:\Users\Zack.J\Desktop\ImageZ\claraChromaDll\Debug\link-cvtres.write.1.tlog
C:\Users\Zack.J\Desktop\ImageZ\claraChromaDll\Debug\mt.command.1.tlog
C:\Users\Zack.J\Desktop\ImageZ\claraChromaDll\Debug\mt.read.1.tlog
C:\Users\Zack.J\Desktop\ImageZ\claraChromaDll\Debug\mt.write.1.tlog
C:\Users\Zack.J\Desktop\ImageZ\claraChromaDll\Debug\rc.command.1.tlog
C:\Users\Zack.J\Desktop\ImageZ\claraChromaDll\Debug\rc.read.1.tlog
C:\Users\Zack.J\Desktop\ImageZ\claraChromaDll\Debug\rc.write.1.tlog
C:\USERS\ZACK.J\DESKTOP\IMAGEZ\CLARACHROMADLL\DEBUG\STDAFX.OBJ
C:\Users\Zack.J\Desktop\ImageZ\claraChromaDll\Debug\vc100.idb
C:\USERS\ZACK.J\DESKTOP\IMAGEZ\CLARACHROMADLL\DEBUG\VC100.PDB
C:\USERS\ZACK.J\DESKTOP\IMAGEZ\IMAGEZ\BIN\DEBUG\CLARACHROMADLL.DLL
C:\Users\Zack.J\Desktop\ImageZ\ImageZ\bin\Debug\claraChromaDll.exp
C:\USERS\ZACK.J\DESKTOP\IMAGEZ\IMAGEZ\BIN\DEBUG\CLARACHROMADLL.ILK
C:\Users\Zack.J\Desktop\ImageZ\ImageZ\bin\Debug\claraChromaDll.lib
C:\USERS\ZACK.J\DESKTOP\IMAGEZ\IMAGEZ\BIN\DEBUG\CLARACHROMADLL.PDB
