..\ImageZ\bin\Debug\guidedFilterDll.ilk
..\ImageZ\bin\Debug\guidedFilterDll.pdb
C:\Users\Zack.J\Desktop\ImageZ\guidedFilterDll\..\ImageZ\bin\Debug\guidedFilterDll.dll
C:\Users\Zack.J\Desktop\ImageZ\guidedFilterDll\Debug\cl.command.1.tlog
C:\Users\Zack.J\Desktop\ImageZ\guidedFilterDll\Debug\CL.read.1.tlog
C:\Users\Zack.J\Desktop\ImageZ\guidedFilterDll\Debug\CL.write.1.tlog
C:\USERS\ZACK.J\DESKTOP\IMAGEZ\GUIDEDFILTERDLL\DEBUG\DLLMAIN.OBJ
C:\USERS\ZACK.J\DESKTOP\IMAGEZ\GUIDEDFILTERDLL\DEBUG\GUIDEDFILTERDLL.DLL.EMBED.MANIFEST
C:\USERS\ZACK.J\DESKTOP\IMAGEZ\GUIDEDFILTERDLL\DEBUG\GUIDEDFILTERDLL.DLL.EMBED.MANIFEST.RES
C:\USERS\ZACK.J\DESKTOP\IMAGEZ\GUIDEDFILTERDLL\DEBUG\GUIDEDFILTERDLL.DLL.INTERMEDIATE.MANIFEST
C:\USERS\ZACK.J\DESKTOP\IMAGEZ\GUIDEDFILTERDLL\DEBUG\GUIDEDFILTERDLL.OBJ
C:\USERS\ZACK.J\DESKTOP\IMAGEZ\GUIDEDFILTERDLL\DEBUG\GUIDEDFILTERDLL.PCH
C:\Users\Zack.J\Desktop\ImageZ\guidedFilterDll\Debug\guidedFilterDll.write.1.tlog
C:\Users\Zack.J\Desktop\ImageZ\guidedFilterDll\Debug\guidedFilterDll_manifest.rc
C:\Users\Zack.J\Desktop\ImageZ\guidedFilterDll\Debug\link.10612.read.1.tlog
C:\Users\Zack.J\Desktop\ImageZ\guidedFilterDll\Debug\link.10612.write.1.tlog
C:\Users\Zack.J\Desktop\ImageZ\guidedFilterDll\Debug\link.10612-cvtres.read.1.tlog
C:\Users\Zack.J\Desktop\ImageZ\guidedFilterDll\Debug\link.10612-cvtres.write.1.tlog
C:\Users\Zack.J\Desktop\ImageZ\guidedFilterDll\Debug\link.command.1.tlog
C:\Users\Zack.J\Desktop\ImageZ\guidedFilterDll\Debug\link.read.1.tlog
C:\Users\Zack.J\Desktop\ImageZ\guidedFilterDll\Debug\link.write.1.tlog
C:\Users\Zack.J\Desktop\ImageZ\guidedFilterDll\Debug\link-cvtres.read.1.tlog
C:\Users\Zack.J\Desktop\ImageZ\guidedFilterDll\Debug\link-cvtres.write.1.tlog
C:\Users\Zack.J\Desktop\ImageZ\guidedFilterDll\Debug\mt.command.1.tlog
C:\Users\Zack.J\Desktop\ImageZ\guidedFilterDll\Debug\mt.read.1.tlog
C:\Users\Zack.J\Desktop\ImageZ\guidedFilterDll\Debug\mt.write.1.tlog
C:\Users\Zack.J\Desktop\ImageZ\guidedFilterDll\Debug\rc.command.1.tlog
C:\Users\Zack.J\Desktop\ImageZ\guidedFilterDll\Debug\rc.read.1.tlog
C:\Users\Zack.J\Desktop\ImageZ\guidedFilterDll\Debug\rc.write.1.tlog
C:\USERS\ZACK.J\DESKTOP\IMAGEZ\GUIDEDFILTERDLL\DEBUG\STDAFX.OBJ
C:\Users\Zack.J\Desktop\ImageZ\guidedFilterDll\Debug\vc100.idb
C:\USERS\ZACK.J\DESKTOP\IMAGEZ\GUIDEDFILTERDLL\DEBUG\VC100.PDB
C:\USERS\ZACK.J\DESKTOP\IMAGEZ\IMAGEZ\BIN\DEBUG\GUIDEDFILTERDLL.DLL
C:\Users\Zack.J\Desktop\ImageZ\ImageZ\bin\Debug\guidedFilterDll.exp
C:\USERS\ZACK.J\DESKTOP\IMAGEZ\IMAGEZ\BIN\DEBUG\GUIDEDFILTERDLL.ILK
C:\Users\Zack.J\Desktop\ImageZ\ImageZ\bin\Debug\guidedFilterDll.lib
C:\USERS\ZACK.J\DESKTOP\IMAGEZ\IMAGEZ\BIN\DEBUG\GUIDEDFILTERDLL.PDB
