生成启动时间为 2018/1/28 15:04:20。
     1>项目“C:\Users\Zack.J\Desktop\ImageZ\guidedFilterDll\guidedFilterDll.vcxproj”在节点 2 上(rebuild 个目标)。
     1>_PrepareForClean:
         正在删除文件“Debug\guidedFilterDll.lastbuildstate”。
     1>C:\Program Files (x86)\MSBuild\Microsoft.Cpp\v4.0\Microsoft.CppBuild.targets(299,5): warning MSB8004: Output 目录未以斜杠结尾。此生成实例将添加斜杠，因为必须有这个斜杠才能正确计算 Output 目录。
       InitializeBuildStatus:
         正在创建“Debug\guidedFilterDll.unsuccessfulbuild”，因为已指定“AlwaysCreate”。
       ClCompile:
         C:\Program Files (x86)\Microsoft Visual Studio 10.0\VC\bin\CL.exe /c /ZI /nologo /W3 /WX- /Od /Oy- /D WIN32 /D _DEBUG /D _WINDOWS /D _USRDLL /D GUIDEDFILTERDLL_EXPORTS /D _WINDLL /D _UNICODE /D UNICODE /Gm /EHsc /RTC1 /MDd /GS /fp:precise /Zc:wchar_t /Zc:forScope /Yc"StdAfx.h" /Fp"Debug\guidedFilterDll.pch" /Fo"Debug\\" /Fd"Debug\vc100.pdb" /Gd /TP /analyze- /errorReport:prompt stdafx.cpp
         stdafx.cpp
         C:\Program Files (x86)\Microsoft Visual Studio 10.0\VC\bin\CL.exe /c /ZI /nologo /W3 /WX- /Od /Oy- /D WIN32 /D _DEBUG /D _WINDOWS /D _USRDLL /D GUIDEDFILTERDLL_EXPORTS /D _WINDLL /D _UNICODE /D UNICODE /Gm /EHsc /RTC1 /MDd /GS /fp:precise /Zc:wchar_t /Zc:forScope /Fo"Debug\\" /Fd"Debug\vc100.pdb" /Gd /TP /analyze- /errorReport:prompt dllmain.cpp
         dllmain.cpp
         C:\Program Files (x86)\Microsoft Visual Studio 10.0\VC\bin\CL.exe /c /ZI /nologo /W3 /WX- /Od /Oy- /D WIN32 /D _DEBUG /D _WINDOWS /D _USRDLL /D GUIDEDFILTERDLL_EXPORTS /D _WINDLL /D _UNICODE /D UNICODE /Gm /EHsc /RTC1 /MDd /GS /fp:precise /Zc:wchar_t /Zc:forScope /Yu"StdAfx.h" /Fp"Debug\guidedFilterDll.pch" /Fo"Debug\\" /Fd"Debug\vc100.pdb" /Gd /TP /analyze- /errorReport:prompt guidedFilterDll.cpp
         guidedFilterDll.cpp
     1>c:\users\zack.j\desktop\imagez\guidedfilterdll\guidedfilterdll.cpp(184): warning C4244: “初始化”: 从“double”转换到“float”，可能丢失数据
     1>c:\users\zack.j\desktop\imagez\guidedfilterdll\guidedfilterdll.cpp(380): warning C4244: “=”: 从“float”转换到“int”，可能丢失数据
     1>c:\users\zack.j\desktop\imagez\guidedfilterdll\guidedfilterdll.cpp(404): warning C4244: “=”: 从“float”转换到“int”，可能丢失数据
     1>c:\users\zack.j\desktop\imagez\guidedfilterdll\guidedfilterdll.cpp(547): warning C4244: “=”: 从“double”转换到“int”，可能丢失数据
     1>c:\users\zack.j\desktop\imagez\guidedfilterdll\guidedfilterdll.cpp(548): warning C4244: “=”: 从“double”转换到“int”，可能丢失数据
     1>c:\users\zack.j\desktop\imagez\guidedfilterdll\guidedfilterdll.cpp(563): warning C4244: “初始化”: 从“double”转换到“int”，可能丢失数据
     1>c:\users\zack.j\desktop\imagez\guidedfilterdll\guidedfilterdll.cpp(568): warning C4244: “初始化”: 从“double”转换到“int”，可能丢失数据
     1>c:\users\zack.j\desktop\imagez\guidedfilterdll\guidedfilterdll.cpp(603): warning C4482: 使用了非标准扩展: 限定名中使用了枚举“Way”
     1>c:\users\zack.j\desktop\imagez\guidedfilterdll\guidedfilterdll.cpp(605): warning C4244: “=”: 从“float”转换到“uchar”，可能丢失数据
     1>c:\users\zack.j\desktop\imagez\guidedfilterdll\guidedfilterdll.cpp(606): warning C4482: 使用了非标准扩展: 限定名中使用了枚举“Way”
     1>c:\users\zack.j\desktop\imagez\guidedfilterdll\guidedfilterdll.cpp(538): warning C4101: “filter”: 未引用的局部变量
       ManifestResourceCompile:
         C:\Program Files (x86)\Microsoft SDKs\Windows\v7.0A\bin\rc.exe /nologo /fo"Debug\guidedFilterDll.dll.embed.manifest.res" Debug\guidedFilterDll_manifest.rc 
       Link:
         C:\Program Files (x86)\Microsoft Visual Studio 10.0\VC\bin\link.exe /ERRORREPORT:PROMPT /OUT:"..\ImageZ\bin\Debug\guidedFilterDll.dll" /INCREMENTAL /NOLOGO kernel32.lib user32.lib gdi32.lib winspool.lib comdlg32.lib advapi32.lib shell32.lib ole32.lib oleaut32.lib uuid.lib odbc32.lib odbccp32.lib /MANIFEST /ManifestFile:"Debug\guidedFilterDll.dll.intermediate.manifest" /MANIFESTUAC:"level='asInvoker' uiAccess='false'" /DEBUG /PDB:"C:\Users\Zack.J\Desktop\ImageZ\ImageZ\bin\Debug\guidedFilterDll.pdb" /SUBSYSTEM:WINDOWS /TLBID:1 /DYNAMICBASE /NXCOMPAT /IMPLIB:"..\ImageZ\bin\Debug\guidedFilterDll.lib" /MACHINE:X86 /DLL Debug\guidedFilterDll.dll.embed.manifest.res
         Debug\dllmain.obj
         Debug\guidedFilterDll.obj
         Debug\stdafx.obj
            正在创建库 ..\ImageZ\bin\Debug\guidedFilterDll.lib 和对象 ..\ImageZ\bin\Debug\guidedFilterDll.exp
       Manifest:
         正在删除文件“Debug\guidedFilterDll.dll.embed.manifest”。
         C:\Program Files (x86)\Microsoft SDKs\Windows\v7.0A\bin\mt.exe /nologo /verbose /out:"Debug\guidedFilterDll.dll.embed.manifest" /manifest Debug\guidedFilterDll.dll.intermediate.manifest
         C:\Program Files (x86)\Microsoft SDKs\Windows\v7.0A\bin\rc.exe /nologo /fo"Debug\guidedFilterDll.dll.embed.manifest.res" Debug\guidedFilterDll_manifest.rc 
       LinkEmbedManifest:
         C:\Program Files (x86)\Microsoft Visual Studio 10.0\VC\bin\link.exe /ERRORREPORT:PROMPT /OUT:"..\ImageZ\bin\Debug\guidedFilterDll.dll" /INCREMENTAL /NOLOGO kernel32.lib user32.lib gdi32.lib winspool.lib comdlg32.lib advapi32.lib shell32.lib ole32.lib oleaut32.lib uuid.lib odbc32.lib odbccp32.lib /MANIFEST /ManifestFile:"Debug\guidedFilterDll.dll.intermediate.manifest" /MANIFESTUAC:"level='asInvoker' uiAccess='false'" /DEBUG /PDB:"C:\Users\Zack.J\Desktop\ImageZ\ImageZ\bin\Debug\guidedFilterDll.pdb" /SUBSYSTEM:WINDOWS /TLBID:1 /DYNAMICBASE /NXCOMPAT /IMPLIB:"..\ImageZ\bin\Debug\guidedFilterDll.lib" /MACHINE:X86 /DLL Debug\guidedFilterDll.dll.embed.manifest.res
         Debug\dllmain.obj
         Debug\guidedFilterDll.obj
         Debug\stdafx.obj
            正在创建库 ..\ImageZ\bin\Debug\guidedFilterDll.lib 和对象 ..\ImageZ\bin\Debug\guidedFilterDll.exp
         guidedFilterDll.vcxproj -> C:\Users\Zack.J\Desktop\ImageZ\guidedFilterDll\..\ImageZ\bin\Debug\guidedFilterDll.dll
       FinalizeBuildStatus:
         正在删除文件“Debug\guidedFilterDll.unsuccessfulbuild”。
         正在对“Debug\guidedFilterDll.lastbuildstate”执行 Touch 任务。
     1>已完成生成项目“C:\Users\Zack.J\Desktop\ImageZ\guidedFilterDll\guidedFilterDll.vcxproj”(rebuild 个目标)的操作。

生成成功。

已用时间 00:00:04.35
