..\boxblur\bin\Debug\detailEnhance.ilk
..\boxblur\bin\Debug\detailEnhance.pdb
C:\USERS\ZACK.J\DESKTOP\IMAGEZ\TEST\BOXBLUR\BIN\DEBUG\DETAILENHANCE.DLL
C:\Users\Zack.J\Desktop\ImageZ\test\boxblur\bin\Debug\detailEnhance.exp
C:\USERS\ZACK.J\DESKTOP\IMAGEZ\TEST\BOXBLUR\BIN\DEBUG\DETAILENHANCE.ILK
C:\Users\Zack.J\Desktop\ImageZ\test\boxblur\bin\Debug\detailEnhance.lib
C:\USERS\ZACK.J\DESKTOP\IMAGEZ\TEST\BOXBLUR\BIN\DEBUG\DETAILENHANCE.PDB
C:\Users\Zack.J\Desktop\ImageZ\test\detailEnhance\..\boxblur\bin\Debug\detailEnhance.dll
C:\Users\Zack.J\Desktop\ImageZ\test\detailEnhance\Debug\cl.command.1.tlog
C:\Users\Zack.J\Desktop\ImageZ\test\detailEnhance\Debug\CL.read.1.tlog
C:\Users\Zack.J\Desktop\ImageZ\test\detailEnhance\Debug\CL.write.1.tlog
C:\USERS\ZACK.J\DESKTOP\IMAGEZ\TEST\DETAILENHANCE\DEBUG\DETAILENHANCE.DLL.EMBED.MANIFEST
C:\USERS\ZACK.J\DESKTOP\IMAGEZ\TEST\DETAILENHANCE\DEBUG\DETAILENHANCE.DLL.EMBED.MANIFEST.RES
C:\USERS\ZACK.J\DESKTOP\IMAGEZ\TEST\DETAILENHANCE\DEBUG\DETAILENHANCE.DLL.INTERMEDIATE.MANIFEST
C:\USERS\ZACK.J\DESKTOP\IMAGEZ\TEST\DETAILENHANCE\DEBUG\DETAILENHANCE.OBJ
C:\USERS\ZACK.J\DESKTOP\IMAGEZ\TEST\DETAILENHANCE\DEBUG\DETAILENHANCE.PCH
C:\Users\Zack.J\Desktop\ImageZ\test\detailEnhance\Debug\detailEnhance.write.1.tlog
C:\Users\Zack.J\Desktop\ImageZ\test\detailEnhance\Debug\detailEnhance_manifest.rc
C:\USERS\ZACK.J\DESKTOP\IMAGEZ\TEST\DETAILENHANCE\DEBUG\DLLMAIN.OBJ
C:\Users\Zack.J\Desktop\ImageZ\test\detailEnhance\Debug\link.788.read.1.tlog
C:\Users\Zack.J\Desktop\ImageZ\test\detailEnhance\Debug\link.788.write.1.tlog
C:\Users\Zack.J\Desktop\ImageZ\test\detailEnhance\Debug\link.788-cvtres.read.1.tlog
C:\Users\Zack.J\Desktop\ImageZ\test\detailEnhance\Debug\link.788-cvtres.write.1.tlog
C:\Users\Zack.J\Desktop\ImageZ\test\detailEnhance\Debug\link.command.1.tlog
C:\Users\Zack.J\Desktop\ImageZ\test\detailEnhance\Debug\link.read.1.tlog
C:\Users\Zack.J\Desktop\ImageZ\test\detailEnhance\Debug\link.write.1.tlog
C:\Users\Zack.J\Desktop\ImageZ\test\detailEnhance\Debug\link-cvtres.read.1.tlog
C:\Users\Zack.J\Desktop\ImageZ\test\detailEnhance\Debug\link-cvtres.write.1.tlog
C:\Users\Zack.J\Desktop\ImageZ\test\detailEnhance\Debug\mt.command.1.tlog
C:\Users\Zack.J\Desktop\ImageZ\test\detailEnhance\Debug\mt.read.1.tlog
C:\Users\Zack.J\Desktop\ImageZ\test\detailEnhance\Debug\mt.write.1.tlog
C:\Users\Zack.J\Desktop\ImageZ\test\detailEnhance\Debug\rc.command.1.tlog
C:\Users\Zack.J\Desktop\ImageZ\test\detailEnhance\Debug\rc.read.1.tlog
C:\Users\Zack.J\Desktop\ImageZ\test\detailEnhance\Debug\rc.write.1.tlog
C:\USERS\ZACK.J\DESKTOP\IMAGEZ\TEST\DETAILENHANCE\DEBUG\STDAFX.OBJ
C:\Users\Zack.J\Desktop\ImageZ\test\detailEnhance\Debug\vc100.idb
C:\USERS\ZACK.J\DESKTOP\IMAGEZ\TEST\DETAILENHANCE\DEBUG\VC100.PDB
