生成启动时间为 2018/1/28 23:48:48。
     1>项目“C:\Users\Zack.J\Desktop\ImageZ\test\detailEnhance\detailEnhance.vcxproj”在节点 2 上(rebuild 个目标)。
     1>_PrepareForClean:
         正在删除文件“Debug\detailEnhance.lastbuildstate”。
     1>C:\Program Files (x86)\MSBuild\Microsoft.Cpp\v4.0\Microsoft.CppBuild.targets(299,5): warning MSB8004: Output 目录未以斜杠结尾。此生成实例将添加斜杠，因为必须有这个斜杠才能正确计算 Output 目录。
       InitializeBuildStatus:
         正在创建“Debug\detailEnhance.unsuccessfulbuild”，因为已指定“AlwaysCreate”。
       ClCompile:
         C:\Program Files (x86)\Microsoft Visual Studio 10.0\VC\bin\CL.exe /c /ZI /nologo /W3 /WX- /Od /Ot /Oy- /D WIN32 /D _DEBUG /D _WINDOWS /D _USRDLL /D DETAILENHANCE_EXPORTS /D _WINDLL /D _UNICODE /D UNICODE /Gm /EHsc /RTC1 /MDd /GS /fp:precise /Zc:wchar_t /Zc:forScope /Yc"StdAfx.h" /Fp"Debug\detailEnhance.pch" /Fo"Debug\\" /Fd"Debug\vc100.pdb" /Gd /TP /analyze- /errorReport:prompt stdafx.cpp
         stdafx.cpp
         C:\Program Files (x86)\Microsoft Visual Studio 10.0\VC\bin\CL.exe /c /ZI /nologo /W3 /WX- /Od /Ot /Oy- /D WIN32 /D _DEBUG /D _WINDOWS /D _USRDLL /D DETAILENHANCE_EXPORTS /D _WINDLL /D _UNICODE /D UNICODE /Gm /EHsc /RTC1 /MDd /GS /fp:precise /Zc:wchar_t /Zc:forScope /Yu"StdAfx.h" /Fp"Debug\detailEnhance.pch" /Fo"Debug\\" /Fd"Debug\vc100.pdb" /Gd /TP /analyze- /errorReport:prompt detailEnhance.cpp
         detailEnhance.cpp
     1>c:\users\zack.j\desktop\imagez\test\detailenhance\detailenhance.cpp(202): warning C4244: “初始化”: 从“double”转换到“float”，可能丢失数据
     1>c:\users\zack.j\desktop\imagez\test\detailenhance\detailenhance.cpp(398): warning C4244: “=”: 从“float”转换到“int”，可能丢失数据
     1>c:\users\zack.j\desktop\imagez\test\detailenhance\detailenhance.cpp(422): warning C4244: “=”: 从“float”转换到“int”，可能丢失数据
     1>c:\users\zack.j\desktop\imagez\test\detailenhance\detailenhance.cpp(613): warning C4244: “=”: 从“float”转换到“int”，可能丢失数据
     1>c:\users\zack.j\desktop\imagez\test\detailenhance\detailenhance.cpp(637): warning C4244: “=”: 从“float”转换到“int”，可能丢失数据
     1>c:\users\zack.j\desktop\imagez\test\detailenhance\detailenhance.cpp(843): warning C4244: “=”: 从“double”转换到“float”，可能丢失数据
     1>c:\users\zack.j\desktop\imagez\test\detailenhance\detailenhance.cpp(856): warning C4996: 'sprintf': This function or variable may be unsafe. Consider using sprintf_s instead. To disable deprecation, use _CRT_SECURE_NO_WARNINGS. See online help for details.
                 c:\program files (x86)\microsoft visual studio 10.0\vc\include\stdio.h(371) : 参见“sprintf”的声明
     1>c:\users\zack.j\desktop\imagez\test\detailenhance\detailenhance.cpp(860): warning C4996: 'sprintf': This function or variable may be unsafe. Consider using sprintf_s instead. To disable deprecation, use _CRT_SECURE_NO_WARNINGS. See online help for details.
                 c:\program files (x86)\microsoft visual studio 10.0\vc\include\stdio.h(371) : 参见“sprintf”的声明
     1>c:\users\zack.j\desktop\imagez\test\detailenhance\detailenhance.cpp(861): warning C4996: 'fopen': This function or variable may be unsafe. Consider using fopen_s instead. To disable deprecation, use _CRT_SECURE_NO_WARNINGS. See online help for details.
                 c:\program files (x86)\microsoft visual studio 10.0\vc\include\stdio.h(234) : 参见“fopen”的声明
     1>c:\users\zack.j\desktop\imagez\test\detailenhance\detailenhance.cpp(868): warning C4996: 'sprintf': This function or variable may be unsafe. Consider using sprintf_s instead. To disable deprecation, use _CRT_SECURE_NO_WARNINGS. See online help for details.
                 c:\program files (x86)\microsoft visual studio 10.0\vc\include\stdio.h(371) : 参见“sprintf”的声明
     1>c:\users\zack.j\desktop\imagez\test\detailenhance\detailenhance.cpp(892): warning C4244: “参数”: 从“float”转换到“int”，可能丢失数据
     1>c:\users\zack.j\desktop\imagez\test\detailenhance\detailenhance.cpp(893): warning C4244: “参数”: 从“float”转换到“int”，可能丢失数据
     1>c:\users\zack.j\desktop\imagez\test\detailenhance\detailenhance.cpp(943): warning C4244: “初始化”: 从“double”转换到“int”，可能丢失数据
     1>c:\users\zack.j\desktop\imagez\test\detailenhance\detailenhance.cpp(948): warning C4244: “初始化”: 从“double”转换到“int”，可能丢失数据
     1>c:\users\zack.j\desktop\imagez\test\detailenhance\detailenhance.cpp(917): warning C4101: “start_t”: 未引用的局部变量
     1>c:\users\zack.j\desktop\imagez\test\detailenhance\detailenhance.cpp(917): warning C4101: “stop_t”: 未引用的局部变量
         C:\Program Files (x86)\Microsoft Visual Studio 10.0\VC\bin\CL.exe /c /ZI /nologo /W3 /WX- /Od /Ot /Oy- /D WIN32 /D _DEBUG /D _WINDOWS /D _USRDLL /D DETAILENHANCE_EXPORTS /D _WINDLL /D _UNICODE /D UNICODE /Gm /EHsc /RTC1 /MDd /GS /fp:precise /Zc:wchar_t /Zc:forScope /Fo"Debug\\" /Fd"Debug\vc100.pdb" /Gd /TP /analyze- /errorReport:prompt dllmain.cpp
         dllmain.cpp
       ManifestResourceCompile:
         C:\Program Files (x86)\Microsoft SDKs\Windows\v7.0A\bin\rc.exe /nologo /fo"Debug\detailEnhance.dll.embed.manifest.res" Debug\detailEnhance_manifest.rc 
       Link:
         C:\Program Files (x86)\Microsoft Visual Studio 10.0\VC\bin\link.exe /ERRORREPORT:PROMPT /OUT:"..\boxblur\bin\Debug\detailEnhance.dll" /INCREMENTAL /NOLOGO kernel32.lib user32.lib gdi32.lib winspool.lib comdlg32.lib advapi32.lib shell32.lib ole32.lib oleaut32.lib uuid.lib odbc32.lib odbccp32.lib /MANIFEST /ManifestFile:"Debug\detailEnhance.dll.intermediate.manifest" /MANIFESTUAC:"level='asInvoker' uiAccess='false'" /DEBUG /PDB:"C:\Users\Zack.J\Desktop\ImageZ\test\boxblur\bin\Debug\detailEnhance.pdb" /SUBSYSTEM:WINDOWS /TLBID:1 /DYNAMICBASE /NXCOMPAT /IMPLIB:"..\boxblur\bin\Debug\detailEnhance.lib" /MACHINE:X86 /DLL Debug\detailEnhance.dll.embed.manifest.res
         Debug\detailEnhance.obj
         Debug\dllmain.obj
         Debug\stdafx.obj
            正在创建库 ..\boxblur\bin\Debug\detailEnhance.lib 和对象 ..\boxblur\bin\Debug\detailEnhance.exp
       Manifest:
         正在删除文件“Debug\detailEnhance.dll.embed.manifest”。
         C:\Program Files (x86)\Microsoft SDKs\Windows\v7.0A\bin\mt.exe /nologo /verbose /out:"Debug\detailEnhance.dll.embed.manifest" /manifest Debug\detailEnhance.dll.intermediate.manifest
         C:\Program Files (x86)\Microsoft SDKs\Windows\v7.0A\bin\rc.exe /nologo /fo"Debug\detailEnhance.dll.embed.manifest.res" Debug\detailEnhance_manifest.rc 
       LinkEmbedManifest:
         C:\Program Files (x86)\Microsoft Visual Studio 10.0\VC\bin\link.exe /ERRORREPORT:PROMPT /OUT:"..\boxblur\bin\Debug\detailEnhance.dll" /INCREMENTAL /NOLOGO kernel32.lib user32.lib gdi32.lib winspool.lib comdlg32.lib advapi32.lib shell32.lib ole32.lib oleaut32.lib uuid.lib odbc32.lib odbccp32.lib /MANIFEST /ManifestFile:"Debug\detailEnhance.dll.intermediate.manifest" /MANIFESTUAC:"level='asInvoker' uiAccess='false'" /DEBUG /PDB:"C:\Users\Zack.J\Desktop\ImageZ\test\boxblur\bin\Debug\detailEnhance.pdb" /SUBSYSTEM:WINDOWS /TLBID:1 /DYNAMICBASE /NXCOMPAT /IMPLIB:"..\boxblur\bin\Debug\detailEnhance.lib" /MACHINE:X86 /DLL Debug\detailEnhance.dll.embed.manifest.res
         Debug\detailEnhance.obj
         Debug\dllmain.obj
         Debug\stdafx.obj
            正在创建库 ..\boxblur\bin\Debug\detailEnhance.lib 和对象 ..\boxblur\bin\Debug\detailEnhance.exp
         detailEnhance.vcxproj -> C:\Users\Zack.J\Desktop\ImageZ\test\detailEnhance\..\boxblur\bin\Debug\detailEnhance.dll
       FinalizeBuildStatus:
         正在删除文件“Debug\detailEnhance.unsuccessfulbuild”。
         正在对“Debug\detailEnhance.lastbuildstate”执行 Touch 任务。
     1>已完成生成项目“C:\Users\Zack.J\Desktop\ImageZ\test\detailEnhance\detailEnhance.vcxproj”(rebuild 个目标)的操作。

生成成功。

已用时间 00:00:04.00
